#
# A fatal error has been detected by the Java Runtime Environment:
#
#  SIGSEGV (0xb) at pc=0x00007f77a8338b56, pid=23721, tid=140151485318912
#
# JRE version: OpenJDK Runtime Environment (7.0_65-b32) (build 1.7.0_65-b32)
# Java VM: OpenJDK 64-Bit Server VM (24.65-b04 mixed mode linux-amd64 compressed oops)
# Derivative: IcedTea 2.5.3
# Distribution: Ubuntu 14.04 LTS, package 7u71-2.5.3-0ubuntu0.14.04.1
# Problematic frame:
# V  [libjvm.so+0x93cb56]  interpretedVFrame::monitors() const+0x1b6
#
# Failed to write core dump. Core dumps have been disabled. To enable core dumping, try "ulimit -c unlimited" before starting Java again
#
# If you would like to submit a bug report, please include
# instructions on how to reproduce the bug and visit:
#   http://icedtea.classpath.org/bugzilla
#

---------------  T H R E A D  ---------------

Current thread (0x00007f77a00b7000):  JavaThread "JDWP Transport Listener: dt_socket" daemon [_thread_in_vm, id=23739, stack(0x00007f778f6f4000,0x00007f778f7f5000)]

siginfo:si_signo=SIGSEGV: si_errno=0, si_code=2 (SEGV_ACCERR), si_addr=0x00007f77a9500ff8

Registers:
RAX=0x00000007c20af108, RBX=0x00007f77a0109bd0, RCX=0x000000000000fc8e, RDX=0x000000000000fc8d
RSP=0x00007f778f7f3170, RBP=0x00007f778f7f3210, RSI=0x0000000000000000, RDI=0x0000000000000020
R8 =0x00007f777021fa70, R9 =0x000000000021f000, R10=0x0000000000000022, R11=0x0000000070000001
R12=0x00007f77a010a1d0, R13=0x00007f77a9500ff0, R14=0x00007f778f7f31b0, R15=0x0000000000000000
RIP=0x00007f77a8338b56, EFLAGS=0x0000000000010246, CSGSFS=0x0000000000000033, ERR=0x0000000000000004
  TRAPNO=0x000000000000000e

Top of Stack: (sp=0x00007f778f7f3170)
0x00007f778f7f3170:   00007f77a00af0b0 00007f777015e990
0x00007f778f7f3180:   00007f77a95fd8e0 00007f779d0060d8
0x00007f778f7f3190:   00007f779d005310 00007f7700000000
0x00007f778f7f31a0:   00007f77a95fd920 00007f77a95fd8e0
0x00007f778f7f31b0:   00007f77a95fd8e0 00007f779d0060d8
0x00007f778f7f31c0:   00007f779d005310 00007f7700000000
0x00007f778f7f31d0:   00007f77a95fd920 00007f77a95fd8e0
0x00007f778f7f31e0:   00007f778f7f3270 00007f77a00af0b0
0x00007f778f7f31f0:   00007f77a87aee18 0000000000000000
0x00007f778f7f3200:   00007f7770004000 00007f77a000c800
0x00007f778f7f3210:   00007f778f7f32f0 00007f77a8093b16
0x00007f778f7f3220:   00007f77a010a7d0 00007f77a0109bd0
0x00007f778f7f3230:   00007f778f7f3250 00007f77a8339d8e
0x00007f778f7f3240:   00000000000083b0 0000000100000003
0x00007f778f7f3250:   00007f77a00b7000 00007f77a01115a8
0x00007f778f7f3260:   00007f77a010a1d0 00007f77a000c800
0x00007f778f7f3270:   00007f77a01095c0 00007f778f7f3390
0x00007f778f7f3280:   00007f77a0003b80 00007f77a00af0b0
0x00007f778f7f3290:   00007f778f7f32f0 00007f77a82f7e39
0x00007f778f7f32a0:   00007f77a95fd890 0000000000000001
0x00007f778f7f32b0:   00007f77a87aee18 00007f77a000c800
0x00007f778f7f32c0:   00007f7770004000 0000000000000001
0x00007f778f7f32d0:   00007f77a87aee18 00007f77a000c800
0x00007f778f7f32e0:   00007f7770004000 00007f77a0109bd0
0x00007f778f7f32f0:   00007f778f7f3980 00007f77a8093f65
0x00007f778f7f3300:   00000000000003d8 00007f77a00af0b0
0x00007f778f7f3310:   00007f778f7f3350 00007f77a00b7c18
0x00007f778f7f3320:   00007f77a00b7840 00007f778f7f3390
0x00007f778f7f3330:   00007f7770004000 00007f77a00b7830
0x00007f778f7f3340:   00007f77a00b7000 00007f77a0003b80
0x00007f778f7f3350:   00007f77a00b7000 00007f77a00b7c20
0x00007f778f7f3360:   00007f77a00b7c60 00007f77a00b7c70 

Instructions: (pc=0x00007f77a8338b56)
0x00007f77a8338b36:   89 45 c0 48 8b 43 30 48 89 45 c8 e8 da 68 bd ff
0x00007f77a8338b46:   49 39 c5 0f 82 f9 00 00 00 31 f6 bf 20 00 00 00
0x00007f77a8338b56:   4d 8b 7d 08 e8 a1 31 f1 ff 48 85 c0 49 89 c0 74
0x00007f77a8338b66:   17 4c 89 38 48 c7 40 10 00 00 00 00 4c 89 68 08 

Register to memory mapping:

RAX=0x00000007c20af108 is an oop
java.lang.NullPointerException 
 - klass: 'java/lang/NullPointerException'
RBX=0x00007f77a0109bd0 is an unknown value
RCX=0x000000000000fc8e is an unknown value
RDX=0x000000000000fc8d is an unknown value
RSP=0x00007f778f7f3170 is pointing into the stack for thread: 0x00007f77a00b7000
RBP=0x00007f778f7f3210 is pointing into the stack for thread: 0x00007f77a00b7000
RSI=0x0000000000000000 is an unknown value
RDI=0x0000000000000020 is an unknown value
R8 =0x00007f777021fa70 is an unknown value
R9 =0x000000000021f000 is an unknown value
R10=0x0000000000000022 is an unknown value
R11=0x0000000070000001 is an unknown value
R12=0x00007f77a010a1d0 is an unknown value
R13=0x00007f77a9500ff0 is pointing into the stack for thread: 0x00007f77a000c800
R14=0x00007f778f7f31b0 is pointing into the stack for thread: 0x00007f77a00b7000
R15=0x0000000000000000 is an unknown value


Stack: [0x00007f778f6f4000,0x00007f778f7f5000],  sp=0x00007f778f7f3170,  free space=1020k
Native frames: (J=compiled Java code, j=interpreted, Vv=VM code, C=native code)
V  [libjvm.so+0x93cb56]  interpretedVFrame::monitors() const+0x1b6
V  [libjvm.so+0x697b16]  JvmtiEnvBase::get_locked_objects_in_frame(JavaThread*, JavaThread*, javaVFrame*, GrowableArray<_jvmtiMonitorStackDepthInfo*>*, int)+0x76
V  [libjvm.so+0x697f65]  JvmtiEnvBase::get_owned_monitors(JavaThread*, JavaThread*, GrowableArray<_jvmtiMonitorStackDepthInfo*>*)+0x115
V  [libjvm.so+0x68d976]  JvmtiEnv::GetOwnedMonitorInfo(JavaThread*, int*, _jobject***)+0xe6
V  [libjvm.so+0x64403f]  jvmti_GetOwnedMonitorInfo+0x21f
C  [libjdwp.so+0x9f26]
C  [libjdwp.so+0x11688]
C  [libjdwp.so+0x23795]
V  [libjvm.so+0x6aa58b]  JvmtiAgentThread::start_function_wrapper(JavaThread*, Thread*)+0x9b
V  [libjvm.so+0x8ffba0]  JavaThread::thread_main_inner()+0xf0
V  [libjvm.so+0x8ffe11]  JavaThread::run()+0x221
V  [libjvm.so+0x7c4ac2]  java_start(Thread*)+0xf2


---------------  P R O C E S S  ---------------

Java Threads: ( => current thread )
  0x00007f77a00c2000 JavaThread "Service Thread" daemon [_thread_blocked, id=23747, stack(0x00007f778f1ef000,0x00007f778f2f0000)]
  0x00007f77a00c0000 JavaThread "C2 CompilerThread1" daemon [_thread_blocked, id=23746, stack(0x00007f778f2f0000,0x00007f778f3f1000)]
  0x00007f77a00bd000 JavaThread "C2 CompilerThread0" daemon [_thread_blocked, id=23745, stack(0x00007f778f3f1000,0x00007f778f4f2000)]
  0x00007f7770001000 JavaThread "JDWP Command Reader" daemon [_thread_in_native, id=23743, stack(0x00007f778f4f2000,0x00007f778f5f3000)]
  0x00007f77a00ba800 JavaThread "JDWP Event Helper Thread" daemon [_thread_blocked, id=23741, stack(0x00007f778f5f3000,0x00007f778f6f4000)]
=>0x00007f77a00b7000 JavaThread "JDWP Transport Listener: dt_socket" daemon [_thread_in_vm, id=23739, stack(0x00007f778f6f4000,0x00007f778f7f5000)]
  0x00007f77a00aa000 JavaThread "Signal Dispatcher" daemon [_thread_blocked, id=23737, stack(0x00007f778f9fa000,0x00007f778fafb000)]
  0x00007f77a007e800 JavaThread "Finalizer" daemon [_thread_blocked, id=23736, stack(0x00007f778fafb000,0x00007f778fbfc000)]
  0x00007f77a007c800 JavaThread "Reference Handler" daemon [_thread_blocked, id=23735, stack(0x00007f778fbfc000,0x00007f778fcfd000)]
  0x00007f77a000c800 JavaThread "main" [_thread_blocked, id=23723, stack(0x00007f77a94fe000,0x00007f77a95ff000)]

Other Threads:
  0x00007f77a0078000 VMThread [stack: 0x00007f778fcfd000,0x00007f778fdfe000] [id=23734]
  0x00007f77a00d5000 WatcherThread [stack: 0x00007f778f0ee000,0x00007f778f1ef000] [id=23748]

VM state:not at safepoint (normal execution)

VM Mutex/Monitor currently owned by a thread: None

Heap
 PSYoungGen      total 55808K, used 2887K [0x00000007c2000000, 0x00000007c5e00000, 0x0000000800000000)
  eden space 48128K, 6% used [0x00000007c2000000,0x00000007c22d1fb8,0x00000007c4f00000)
  from space 7680K, 0% used [0x00000007c5680000,0x00000007c5680000,0x00000007c5e00000)
  to   space 7680K, 0% used [0x00000007c4f00000,0x00000007c4f00000,0x00000007c5680000)
 ParOldGen       total 126976K, used 0K [0x0000000746000000, 0x000000074dc00000, 0x00000007c2000000)
  object space 126976K, 0% used [0x0000000746000000,0x0000000746000000,0x000000074dc00000)
 PSPermGen       total 21504K, used 4017K [0x000000073ba00000, 0x000000073cf00000, 0x0000000746000000)
  object space 21504K, 18% used [0x000000073ba00000,0x000000073bdec580,0x000000073cf00000)

Card table byte_map: [0x00007f77a5008000,0x00007f77a562c000] byte_map_base: 0x00007f77a162b000

Polling page: 0x00007f77a962a000

Code Cache  [0x00007f779d000000, 0x00007f779d270000, 0x00007f77a0000000)
 total_blobs=193 nmethods=3 adapters=152 free_code_cache=48758Kb largest_free_block=49912384

Compilation events (6 events):
Event: 0.156 Thread 0x00007f77a00bd000    1             java.lang.String::indexOf (70 bytes)
Event: 0.158 Thread 0x00007f77a00c0000    2             sun.nio.cs.UTF_8$Encoder::encode (361 bytes)
Event: 0.177 Thread 0x00007f77a00bd000 nmethod 1 0x00007f779d061290 code [0x00007f779d0613e0, 0x00007f779d0615c8]
Event: 0.177 Thread 0x00007f77a00bd000    3             java.lang.String::hashCode (55 bytes)
Event: 0.179 Thread 0x00007f77a00bd000 nmethod 3 0x00007f779d060ed0 code [0x00007f779d061020, 0x00007f779d0611b8]
Event: 0.183 Thread 0x00007f77a00c0000 nmethod 2 0x00007f779d060210 code [0x00007f779d0603a0, 0x00007f779d060a88]

GC Heap History (0 events):
No events

Deoptimization events (0 events):
No events

Internal exceptions (10 events):
Event: 0.156 Thread 0x00007f77a000c800 Threw 0x00000007c2072770 at /build/buildd/openjdk-7-7u71-2.5.3/build/openjdk/hotspot/src/share/vm/prims/jvm.cpp:1284
Event: 0.163 Thread 0x00007f77a000c800 Threw 0x00000007c2081318 at /build/buildd/openjdk-7-7u71-2.5.3/build/openjdk/hotspot/src/share/vm/prims/jvm.cpp:1284
Event: 0.170 Thread 0x00007f77a000c800 Threw 0x00000007c2093948 at /build/buildd/openjdk-7-7u71-2.5.3/build/openjdk/hotspot/src/share/vm/prims/jvm.cpp:1284
Event: 0.170 Thread 0x00007f77a000c800 Threw 0x00000007c2093b70 at /build/buildd/openjdk-7-7u71-2.5.3/build/openjdk/hotspot/src/share/vm/prims/jvm.cpp:1284
Event: 0.171 Thread 0x00007f77a000c800 Threw 0x00000007c20969d8 at /build/buildd/openjdk-7-7u71-2.5.3/build/openjdk/hotspot/src/share/vm/prims/jvm.cpp:1284
Event: 0.171 Thread 0x00007f77a000c800 Threw 0x00000007c2096c00 at /build/buildd/openjdk-7-7u71-2.5.3/build/openjdk/hotspot/src/share/vm/prims/jvm.cpp:1284
Event: 0.171 Thread 0x00007f77a000c800 Threw 0x00000007c2097700 at /build/buildd/openjdk-7-7u71-2.5.3/build/openjdk/hotspot/src/share/vm/prims/jvm.cpp:1284
Event: 0.171 Thread 0x00007f77a000c800 Threw 0x00000007c2097928 at /build/buildd/openjdk-7-7u71-2.5.3/build/openjdk/hotspot/src/share/vm/prims/jvm.cpp:1284
Event: 0.186 Thread 0x00007f77a000c800 Threw 0x00000007c20a0a70 at /build/buildd/openjdk-7-7u71-2.5.3/build/openjdk/hotspot/src/share/vm/prims/jni.cpp:721
Event: 0.195 Thread 0x00007f77a000c800 Threw 0x00000007c20af108 at /build/buildd/openjdk-7-7u71-2.5.3/build/openjdk/hotspot/src/share/vm/interpreter/linkResolver.cpp:895

Events (10 events):
Event: 10.829 Executing VM operation: RedefineClasses
Event: 10.829 Executing VM operation: RedefineClasses done
Event: 10.831 Executing VM operation: EnterInterpOnlyMode
Event: 10.831 Executing VM operation: EnterInterpOnlyMode done
Event: 10.831 Executing VM operation: GetCurrentLocation
Event: 10.831 Executing VM operation: GetCurrentLocation done
Event: 10.831 Executing VM operation: ChangeSingleStep
Event: 10.831 Executing VM operation: ChangeSingleStep done
Event: 10.831 Executing VM operation: ChangeSingleStep
Event: 10.831 Executing VM operation: ChangeSingleStep done


Dynamic libraries:
00400000-00401000 r-xp 00000000 fc:00 2241258                            /usr/lib/jvm/java-7-openjdk-amd64/jre/bin/java
00600000-00601000 r--p 00000000 fc:00 2241258                            /usr/lib/jvm/java-7-openjdk-amd64/jre/bin/java
00601000-00602000 rw-p 00001000 fc:00 2241258                            /usr/lib/jvm/java-7-openjdk-amd64/jre/bin/java
00b5a000-00b7b000 rw-p 00000000 00:00 0                                  [heap]
73ba00000-73cf00000 rw-p 00000000 00:00 0 
73cf00000-746000000 rw-p 00000000 00:00 0 
746000000-74dc00000 rw-p 00000000 00:00 0 
74dc00000-7c2000000 rw-p 00000000 00:00 0 
7c2000000-7c5e00000 rw-p 00000000 00:00 0 
7c5e00000-800000000 rw-p 00000000 00:00 0 
7f7750000000-7f7750021000 rw-p 00000000 00:00 0 
7f7750021000-7f7754000000 ---p 00000000 00:00 0 
7f7757632000-7f7757793000 rw-p 00000000 00:00 0 
7f7757793000-7f7757797000 r-xp 00000000 fc:00 1835078                    /lib/x86_64-linux-gnu/libgpg-error.so.0.10.0
7f7757797000-7f7757996000 ---p 00004000 fc:00 1835078                    /lib/x86_64-linux-gnu/libgpg-error.so.0.10.0
7f7757996000-7f7757997000 r--p 00003000 fc:00 1835078                    /lib/x86_64-linux-gnu/libgpg-error.so.0.10.0
7f7757997000-7f7757998000 rw-p 00004000 fc:00 1835078                    /lib/x86_64-linux-gnu/libgpg-error.so.0.10.0
7f7757998000-7f775799a000 r-xp 00000000 fc:00 1835084                    /lib/x86_64-linux-gnu/libkeyutils.so.1.4
7f775799a000-7f7757b9a000 ---p 00002000 fc:00 1835084                    /lib/x86_64-linux-gnu/libkeyutils.so.1.4
7f7757b9a000-7f7757b9b000 r--p 00002000 fc:00 1835084                    /lib/x86_64-linux-gnu/libkeyutils.so.1.4
7f7757b9b000-7f7757b9c000 rw-p 00003000 fc:00 1835084                    /lib/x86_64-linux-gnu/libkeyutils.so.1.4
7f7757b9c000-7f7757bd9000 r-xp 00000000 fc:00 1839109                    /lib/x86_64-linux-gnu/libpcre.so.3.13.1
7f7757bd9000-7f7757dd8000 ---p 0003d000 fc:00 1839109                    /lib/x86_64-linux-gnu/libpcre.so.3.13.1
7f7757dd8000-7f7757dd9000 r--p 0003c000 fc:00 1839109                    /lib/x86_64-linux-gnu/libpcre.so.3.13.1
7f7757dd9000-7f7757dda000 rw-p 0003d000 fc:00 1839109                    /lib/x86_64-linux-gnu/libpcre.so.3.13.1
7f7757dda000-7f7757dff000 r-xp 00000000 fc:00 1839149                    /lib/x86_64-linux-gnu/libpng12.so.0.50.0
7f7757dff000-7f7757ffe000 ---p 00025000 fc:00 1839149                    /lib/x86_64-linux-gnu/libpng12.so.0.50.0
7f7757ffe000-7f7757fff000 r--p 00024000 fc:00 1839149                    /lib/x86_64-linux-gnu/libpng12.so.0.50.0
7f7757fff000-7f7758000000 rw-p 00025000 fc:00 1839149                    /lib/x86_64-linux-gnu/libpng12.so.0.50.0
7f7758000000-7f77580c2000 rw-p 00000000 00:00 0 
7f77580c2000-7f775c000000 ---p 00000000 00:00 0 
7f775c000000-7f775c021000 rw-p 00000000 00:00 0 
7f775c021000-7f7760000000 ---p 00000000 00:00 0 
7f7760000000-7f7760021000 rw-p 00000000 00:00 0 
7f7760021000-7f7764000000 ---p 00000000 00:00 0 
7f7764000000-7f77640a6000 rw-p 00000000 00:00 0 
7f77640a6000-7f7768000000 ---p 00000000 00:00 0 
7f7768000000-7f7768021000 rw-p 00000000 00:00 0 
7f7768021000-7f776c000000 ---p 00000000 00:00 0 
7f776c000000-7f776c021000 rw-p 00000000 00:00 0 
7f776c021000-7f7770000000 ---p 00000000 00:00 0 
7f7770000000-7f777022a000 rw-p 00000000 00:00 0 
7f777022a000-7f7774000000 ---p 00000000 00:00 0 
7f7774000000-7f7774021000 rw-p 00000000 00:00 0 
7f7774021000-7f7778000000 ---p 00000000 00:00 0 
7f7778000000-7f7778021000 rw-p 00000000 00:00 0 
7f7778021000-7f777c000000 ---p 00000000 00:00 0 
7f777c000000-7f777c021000 rw-p 00000000 00:00 0 
7f777c021000-7f7780000000 ---p 00000000 00:00 0 
7f7780084000-7f778015d000 rw-p 00000000 00:00 0 
7f778015d000-7f77801a1000 r-xp 00000000 fc:00 1835352                    /lib/x86_64-linux-gnu/libdbus-1.so.3.7.6
7f77801a1000-7f77803a0000 ---p 00044000 fc:00 1835352                    /lib/x86_64-linux-gnu/libdbus-1.so.3.7.6
7f77803a0000-7f77803a1000 r--p 00043000 fc:00 1835352                    /lib/x86_64-linux-gnu/libdbus-1.so.3.7.6
7f77803a1000-7f77803a2000 rw-p 00044000 fc:00 1835352                    /lib/x86_64-linux-gnu/libdbus-1.so.3.7.6
7f77803a2000-7f77803dd000 r-xp 00000000 fc:00 2234071                    /usr/lib/x86_64-linux-gnu/libp11-kit.so.0.0.0
7f77803dd000-7f77805dc000 ---p 0003b000 fc:00 2234071                    /usr/lib/x86_64-linux-gnu/libp11-kit.so.0.0.0
7f77805dc000-7f77805e2000 r--p 0003a000 fc:00 2234071                    /usr/lib/x86_64-linux-gnu/libp11-kit.so.0.0.0
7f77805e2000-7f77805e4000 rw-p 00040000 fc:00 2234071                    /usr/lib/x86_64-linux-gnu/libp11-kit.so.0.0.0
7f77805e4000-7f77805f6000 r-xp 00000000 fc:00 2247822                    /usr/lib/x86_64-linux-gnu/libtasn1.so.6.2.0
7f77805f6000-7f77807f6000 ---p 00012000 fc:00 2247822                    /usr/lib/x86_64-linux-gnu/libtasn1.so.6.2.0
7f77807f6000-7f77807f7000 r--p 00012000 fc:00 2247822                    /usr/lib/x86_64-linux-gnu/libtasn1.so.6.2.0
7f77807f7000-7f77807f8000 rw-p 00013000 fc:00 2247822                    /usr/lib/x86_64-linux-gnu/libtasn1.so.6.2.0
7f77807f8000-7f7780874000 r-xp 00000000 fc:00 1839170                    /lib/x86_64-linux-gnu/libgcrypt.so.11.8.2
7f7780874000-7f7780a73000 ---p 0007c000 fc:00 1839170                    /lib/x86_64-linux-gnu/libgcrypt.so.11.8.2
7f7780a73000-7f7780a74000 r--p 0007b000 fc:00 1839170                    /lib/x86_64-linux-gnu/libgcrypt.so.11.8.2
7f7780a74000-7f7780a77000 rw-p 0007c000 fc:00 1839170                    /lib/x86_64-linux-gnu/libgcrypt.so.11.8.2
7f7780a77000-7f7780a81000 r-xp 00000000 fc:00 2234082                    /usr/lib/x86_64-linux-gnu/libkrb5support.so.0.1
7f7780a81000-7f7780c80000 ---p 0000a000 fc:00 2234082                    /usr/lib/x86_64-linux-gnu/libkrb5support.so.0.1
7f7780c80000-7f7780c81000 r--p 00009000 fc:00 2234082                    /usr/lib/x86_64-linux-gnu/libkrb5support.so.0.1
7f7780c81000-7f7780c82000 rw-p 0000a000 fc:00 2234082                    /usr/lib/x86_64-linux-gnu/libkrb5support.so.0.1
7f7780c82000-7f7780c85000 r-xp 00000000 fc:00 1835082                    /lib/x86_64-linux-gnu/libcom_err.so.2.1
7f7780c85000-7f7780e84000 ---p 00003000 fc:00 1835082                    /lib/x86_64-linux-gnu/libcom_err.so.2.1
7f7780e84000-7f7780e85000 r--p 00002000 fc:00 1835082                    /lib/x86_64-linux-gnu/libcom_err.so.2.1
7f7780e85000-7f7780e86000 rw-p 00003000 fc:00 1835082                    /lib/x86_64-linux-gnu/libcom_err.so.2.1
7f7780e86000-7f7780eb2000 r-xp 00000000 fc:00 2240128                    /usr/lib/x86_64-linux-gnu/libk5crypto.so.3.1
7f7780eb2000-7f77810b1000 ---p 0002c000 fc:00 2240128                    /usr/lib/x86_64-linux-gnu/libk5crypto.so.3.1
7f77810b1000-7f77810b3000 r--p 0002b000 fc:00 2240128                    /usr/lib/x86_64-linux-gnu/libk5crypto.so.3.1
7f77810b3000-7f77810b4000 rw-p 0002d000 fc:00 2240128                    /usr/lib/x86_64-linux-gnu/libk5crypto.so.3.1
7f77810b4000-7f77810b5000 rw-p 00000000 00:00 0 
7f77810b5000-7f7781171000 r-xp 00000000 fc:00 2234080                    /usr/lib/x86_64-linux-gnu/libkrb5.so.3.3
7f7781171000-7f7781371000 ---p 000bc000 fc:00 2234080                    /usr/lib/x86_64-linux-gnu/libkrb5.so.3.3
7f7781371000-7f778137e000 r--p 000bc000 fc:00 2234080                    /usr/lib/x86_64-linux-gnu/libkrb5.so.3.3
7f778137e000-7f7781380000 rw-p 000c9000 fc:00 2234080                    /usr/lib/x86_64-linux-gnu/libkrb5.so.3.3
7f7781380000-7f7781385000 r-xp 00000000 fc:00 2237405                    /usr/lib/x86_64-linux-gnu/libXdmcp.so.6.0.0
7f7781385000-7f7781584000 ---p 00005000 fc:00 2237405                    /usr/lib/x86_64-linux-gnu/libXdmcp.so.6.0.0
7f7781584000-7f7781585000 r--p 00004000 fc:00 2237405                    /usr/lib/x86_64-linux-gnu/libXdmcp.so.6.0.0
7f7781585000-7f7781586000 rw-p 00005000 fc:00 2237405                    /usr/lib/x86_64-linux-gnu/libXdmcp.so.6.0.0
7f7781586000-7f7781588000 r-xp 00000000 fc:00 2237394                    /usr/lib/x86_64-linux-gnu/libXau.so.6.0.0
7f7781588000-7f7781788000 ---p 00002000 fc:00 2237394                    /usr/lib/x86_64-linux-gnu/libXau.so.6.0.0
7f7781788000-7f7781789000 r--p 00002000 fc:00 2237394                    /usr/lib/x86_64-linux-gnu/libXau.so.6.0.0
7f7781789000-7f778178a000 rw-p 00003000 fc:00 2237394                    /usr/lib/x86_64-linux-gnu/libXau.so.6.0.0
7f778178a000-7f7781791000 r-xp 00000000 fc:00 2236132                    /usr/lib/x86_64-linux-gnu/libffi.so.6.0.1
7f7781791000-7f7781990000 ---p 00007000 fc:00 2236132                    /usr/lib/x86_64-linux-gnu/libffi.so.6.0.1
7f7781990000-7f7781991000 r--p 00006000 fc:00 2236132                    /usr/lib/x86_64-linux-gnu/libffi.so.6.0.1
7f7781991000-7f7781992000 rw-p 00007000 fc:00 2236132                    /usr/lib/x86_64-linux-gnu/libffi.so.6.0.1
7f7781992000-7f77819a9000 r-xp 00000000 fc:00 1835448                    /lib/x86_64-linux-gnu/libresolv-2.19.so
7f77819a9000-7f7781ba9000 ---p 00017000 fc:00 1835448                    /lib/x86_64-linux-gnu/libresolv-2.19.so
7f7781ba9000-7f7781baa000 r--p 00017000 fc:00 1835448                    /lib/x86_64-linux-gnu/libresolv-2.19.so
7f7781baa000-7f7781bab000 rw-p 00018000 fc:00 1835448                    /lib/x86_64-linux-gnu/libresolv-2.19.so
7f7781bab000-7f7781bad000 rw-p 00000000 00:00 0 
7f7781bad000-7f7781bcd000 r-xp 00000000 fc:00 1839108                    /lib/x86_64-linux-gnu/libselinux.so.1
7f7781bcd000-7f7781dcc000 ---p 00020000 fc:00 1839108                    /lib/x86_64-linux-gnu/libselinux.so.1
7f7781dcc000-7f7781dcd000 r--p 0001f000 fc:00 1839108                    /lib/x86_64-linux-gnu/libselinux.so.1
7f7781dcd000-7f7781dce000 rw-p 00020000 fc:00 1839108                    /lib/x86_64-linux-gnu/libselinux.so.1
7f7781dce000-7f7788000000 rw-p 00000000 00:00 0 
7f7788000000-7f7788021000 rw-p 00000000 00:00 0 
7f7788021000-7f778c000000 ---p 00000000 00:00 0 
7f778c03c000-7f778c0dd000 rw-p 00000000 00:00 0 
7f778c0dd000-7f778c1e3000 r-xp 00000000 fc:00 1835207                    /lib/x86_64-linux-gnu/libglib-2.0.so.0.4002.0
7f778c1e3000-7f778c3e2000 ---p 00106000 fc:00 1835207                    /lib/x86_64-linux-gnu/libglib-2.0.so.0.4002.0
7f778c3e2000-7f778c3e3000 r--p 00105000 fc:00 1835207                    /lib/x86_64-linux-gnu/libglib-2.0.so.0.4002.0
7f778c3e3000-7f778c3e4000 rw-p 00106000 fc:00 1835207                    /lib/x86_64-linux-gnu/libglib-2.0.so.0.4002.0
7f778c3e4000-7f778c3e5000 rw-p 00000000 00:00 0 
7f778c3e5000-7f778c3e8000 r-xp 00000000 fc:00 2232689                    /usr/lib/x86_64-linux-gnu/libgmodule-2.0.so.0.4002.0
7f778c3e8000-7f778c5e7000 ---p 00003000 fc:00 2232689                    /usr/lib/x86_64-linux-gnu/libgmodule-2.0.so.0.4002.0
7f778c5e7000-7f778c5e8000 r--p 00002000 fc:00 2232689                    /usr/lib/x86_64-linux-gnu/libgmodule-2.0.so.0.4002.0
7f778c5e8000-7f778c5e9000 rw-p 00003000 fc:00 2232689                    /usr/lib/x86_64-linux-gnu/libgmodule-2.0.so.0.4002.0
7f778c5e9000-7f778c610000 r-xp 00000000 fc:00 1839177                    /lib/x86_64-linux-gnu/libexpat.so.1.6.0
7f778c610000-7f778c810000 ---p 00027000 fc:00 1839177                    /lib/x86_64-linux-gnu/libexpat.so.1.6.0
7f778c810000-7f778c812000 r--p 00027000 fc:00 1839177                    /lib/x86_64-linux-gnu/libexpat.so.1.6.0
7f778c812000-7f778c813000 rw-p 00029000 fc:00 1839177                    /lib/x86_64-linux-gnu/libexpat.so.1.6.0
7f778c813000-7f778c8b0000 r-xp 00000000 fc:00 2228866                    /usr/lib/x86_64-linux-gnu/libfreetype.so.6.11.1
7f778c8b0000-7f778caaf000 ---p 0009d000 fc:00 2228866                    /usr/lib/x86_64-linux-gnu/libfreetype.so.6.11.1
7f778caaf000-7f778cab5000 r--p 0009c000 fc:00 2228866                    /usr/lib/x86_64-linux-gnu/libfreetype.so.6.11.1
7f778cab5000-7f778cab6000 rw-p 000a2000 fc:00 2228866                    /usr/lib/x86_64-linux-gnu/libfreetype.so.6.11.1
7f778cab6000-7f778cac5000 r-xp 00000000 fc:00 2230118                    /usr/lib/x86_64-linux-gnu/libavahi-client.so.3.2.9
7f778cac5000-7f778ccc5000 ---p 0000f000 fc:00 2230118                    /usr/lib/x86_64-linux-gnu/libavahi-client.so.3.2.9
7f778ccc5000-7f778ccc6000 r--p 0000f000 fc:00 2230118                    /usr/lib/x86_64-linux-gnu/libavahi-client.so.3.2.9
7f778ccc6000-7f778ccc7000 rw-p 00010000 fc:00 2230118                    /usr/lib/x86_64-linux-gnu/libavahi-client.so.3.2.9
7f778ccc7000-7f778ccd2000 r-xp 00000000 fc:00 2230114                    /usr/lib/x86_64-linux-gnu/libavahi-common.so.3.5.3
7f778ccd2000-7f778ced1000 ---p 0000b000 fc:00 2230114                    /usr/lib/x86_64-linux-gnu/libavahi-common.so.3.5.3
7f778ced1000-7f778ced2000 r--p 0000a000 fc:00 2230114                    /usr/lib/x86_64-linux-gnu/libavahi-common.so.3.5.3
7f778ced2000-7f778ced3000 rw-p 0000b000 fc:00 2230114                    /usr/lib/x86_64-linux-gnu/libavahi-common.so.3.5.3
7f778ced3000-7f778cf89000 r-xp 00000000 fc:00 2234073                    /usr/lib/x86_64-linux-gnu/libgnutls.so.26.22.6
7f778cf89000-7f778d189000 ---p 000b6000 fc:00 2234073                    /usr/lib/x86_64-linux-gnu/libgnutls.so.26.22.6
7f778d189000-7f778d18f000 r--p 000b6000 fc:00 2234073                    /usr/lib/x86_64-linux-gnu/libgnutls.so.26.22.6
7f778d18f000-7f778d190000 rw-p 000bc000 fc:00 2234073                    /usr/lib/x86_64-linux-gnu/libgnutls.so.26.22.6
7f778d190000-7f778d191000 rw-p 00000000 00:00 0 
7f778d191000-7f778d1d4000 r-xp 00000000 fc:00 2234078                    /usr/lib/x86_64-linux-gnu/libgssapi_krb5.so.2.2
7f778d1d4000-7f778d3d4000 ---p 00043000 fc:00 2234078                    /usr/lib/x86_64-linux-gnu/libgssapi_krb5.so.2.2
7f778d3d4000-7f778d3d5000 r--p 00043000 fc:00 2234078                    /usr/lib/x86_64-linux-gnu/libgssapi_krb5.so.2.2
7f778d3d5000-7f778d3d7000 rw-p 00044000 fc:00 2234078                    /usr/lib/x86_64-linux-gnu/libgssapi_krb5.so.2.2
7f778d3d7000-7f778d3f4000 r-xp 00000000 fc:00 2233854                    /usr/lib/x86_64-linux-gnu/libxcb.so.1.1.0
7f778d3f4000-7f778d5f4000 ---p 0001d000 fc:00 2233854                    /usr/lib/x86_64-linux-gnu/libxcb.so.1.1.0
7f778d5f4000-7f778d5f5000 r--p 0001d000 fc:00 2233854                    /usr/lib/x86_64-linux-gnu/libxcb.so.1.1.0
7f778d5f5000-7f778d5f6000 rw-p 0001e000 fc:00 2233854                    /usr/lib/x86_64-linux-gnu/libxcb.so.1.1.0
7f778d5f6000-7f778d645000 r-xp 00000000 fc:00 2232690                    /usr/lib/x86_64-linux-gnu/libgobject-2.0.so.0.4002.0
7f778d645000-7f778d845000 ---p 0004f000 fc:00 2232690                    /usr/lib/x86_64-linux-gnu/libgobject-2.0.so.0.4002.0
7f778d845000-7f778d846000 r--p 0004f000 fc:00 2232690                    /usr/lib/x86_64-linux-gnu/libgobject-2.0.so.0.4002.0
7f778d846000-7f778d847000 rw-p 00050000 fc:00 2232690                    /usr/lib/x86_64-linux-gnu/libgobject-2.0.so.0.4002.0
7f778d847000-7f778d9b3000 r-xp 00000000 fc:00 2232692                    /usr/lib/x86_64-linux-gnu/libgio-2.0.so.0.4002.0
7f778d9b3000-7f778dbb2000 ---p 0016c000 fc:00 2232692                    /usr/lib/x86_64-linux-gnu/libgio-2.0.so.0.4002.0
7f778dbb2000-7f778dbb6000 r--p 0016b000 fc:00 2232692                    /usr/lib/x86_64-linux-gnu/libgio-2.0.so.0.4002.0
7f778dbb6000-7f778dbb8000 rw-p 0016f000 fc:00 2232692                    /usr/lib/x86_64-linux-gnu/libgio-2.0.so.0.4002.0
7f778dbb8000-7f778dbba000 rw-p 00000000 00:00 0 
7f778dbba000-7f778dbf4000 r-xp 00000000 fc:00 2228588                    /usr/lib/x86_64-linux-gnu/libfontconfig.so.1.8.0
7f778dbf4000-7f778ddf3000 ---p 0003a000 fc:00 2228588                    /usr/lib/x86_64-linux-gnu/libfontconfig.so.1.8.0
7f778ddf3000-7f778ddf5000 r--p 00039000 fc:00 2228588                    /usr/lib/x86_64-linux-gnu/libfontconfig.so.1.8.0
7f778ddf5000-7f778ddf6000 rw-p 0003b000 fc:00 2228588                    /usr/lib/x86_64-linux-gnu/libfontconfig.so.1.8.0
7f778ddf6000-7f778de62000 r-xp 00000000 fc:00 2229422                    /usr/lib/x86_64-linux-gnu/libcups.so.2
7f778de62000-7f778e062000 ---p 0006c000 fc:00 2229422                    /usr/lib/x86_64-linux-gnu/libcups.so.2
7f778e062000-7f778e069000 r--p 0006c000 fc:00 2229422                    /usr/lib/x86_64-linux-gnu/libcups.so.2
7f778e069000-7f778e06a000 rw-p 00073000 fc:00 2229422                    /usr/lib/x86_64-linux-gnu/libcups.so.2
7f778e06a000-7f778e079000 r-xp 00000000 fc:00 2237415                    /usr/lib/x86_64-linux-gnu/libXi.so.6.1.0
7f778e079000-7f778e278000 ---p 0000f000 fc:00 2237415                    /usr/lib/x86_64-linux-gnu/libXi.so.6.1.0
7f778e278000-7f778e279000 r--p 0000e000 fc:00 2237415                    /usr/lib/x86_64-linux-gnu/libXi.so.6.1.0
7f778e279000-7f778e27a000 rw-p 0000f000 fc:00 2237415                    /usr/lib/x86_64-linux-gnu/libXi.so.6.1.0
7f778e27a000-7f778e27f000 r-xp 00000000 fc:00 2237433                    /usr/lib/x86_64-linux-gnu/libXtst.so.6.1.0
7f778e27f000-7f778e47e000 ---p 00005000 fc:00 2237433                    /usr/lib/x86_64-linux-gnu/libXtst.so.6.1.0
7f778e47e000-7f778e47f000 r--p 00004000 fc:00 2237433                    /usr/lib/x86_64-linux-gnu/libXtst.so.6.1.0
7f778e47f000-7f778e480000 rw-p 00005000 fc:00 2237433                    /usr/lib/x86_64-linux-gnu/libXtst.so.6.1.0
7f778e480000-7f778e489000 r-xp 00000000 fc:00 2237429                    /usr/lib/x86_64-linux-gnu/libXrender.so.1.3.0
7f778e489000-7f778e688000 ---p 00009000 fc:00 2237429                    /usr/lib/x86_64-linux-gnu/libXrender.so.1.3.0
7f778e688000-7f778e689000 r--p 00008000 fc:00 2237429                    /usr/lib/x86_64-linux-gnu/libXrender.so.1.3.0
7f778e689000-7f778e68a000 rw-p 00009000 fc:00 2237429                    /usr/lib/x86_64-linux-gnu/libXrender.so.1.3.0
7f778e68a000-7f778e7ba000 r-xp 00000000 fc:00 2233857                    /usr/lib/x86_64-linux-gnu/libX11.so.6.3.0
7f778e7ba000-7f778e9ba000 ---p 00130000 fc:00 2233857                    /usr/lib/x86_64-linux-gnu/libX11.so.6.3.0
7f778e9ba000-7f778e9bb000 r--p 00130000 fc:00 2233857                    /usr/lib/x86_64-linux-gnu/libX11.so.6.3.0
7f778e9bb000-7f778e9bf000 rw-p 00131000 fc:00 2233857                    /usr/lib/x86_64-linux-gnu/libX11.so.6.3.0
7f778e9bf000-7f778e9d0000 r-xp 00000000 fc:00 2237407                    /usr/lib/x86_64-linux-gnu/libXext.so.6.4.0
7f778e9d0000-7f778ebcf000 ---p 00011000 fc:00 2237407                    /usr/lib/x86_64-linux-gnu/libXext.so.6.4.0
7f778ebcf000-7f778ebd0000 r--p 00010000 fc:00 2237407                    /usr/lib/x86_64-linux-gnu/libXext.so.6.4.0
7f778ebd0000-7f778ebd1000 rw-p 00011000 fc:00 2237407                    /usr/lib/x86_64-linux-gnu/libXext.so.6.4.0
7f778ebd1000-7f778ec19000 r-xp 00000000 fc:00 2231391                    /usr/lib/jvm/java-7-openjdk-amd64/jre/lib/amd64/xawt/libmawt.so
7f778ec19000-7f778ee18000 ---p 00048000 fc:00 2231391                    /usr/lib/jvm/java-7-openjdk-amd64/jre/lib/amd64/xawt/libmawt.so
7f778ee18000-7f778ee19000 r--p 00047000 fc:00 2231391                    /usr/lib/jvm/java-7-openjdk-amd64/jre/lib/amd64/xawt/libmawt.so
7f778ee19000-7f778ee1c000 rw-p 00048000 fc:00 2231391                    /usr/lib/jvm/java-7-openjdk-amd64/jre/lib/amd64/xawt/libmawt.so
7f778ee1c000-7f778ee1d000 rw-p 00000000 00:00 0 
7f778ee1d000-7f778eebd000 r-xp 00000000 fc:00 2235818                    /usr/lib/jvm/java-7-openjdk-amd64/jre/lib/amd64/libawt.so
7f778eebd000-7f778f0bd000 ---p 000a0000 fc:00 2235818                    /usr/lib/jvm/java-7-openjdk-amd64/jre/lib/amd64/libawt.so
7f778f0bd000-7f778f0be000 r--p 000a0000 fc:00 2235818                    /usr/lib/jvm/java-7-openjdk-amd64/jre/lib/amd64/libawt.so
7f778f0be000-7f778f0c9000 rw-p 000a1000 fc:00 2235818                    /usr/lib/jvm/java-7-openjdk-amd64/jre/lib/amd64/libawt.so
7f778f0c9000-7f778f0ee000 rw-p 00000000 00:00 0 
7f778f0ee000-7f778f0ef000 ---p 00000000 00:00 0 
7f778f0ef000-7f778f1ef000 rw-p 00000000 00:00 0                          [stack:23748]
7f778f1ef000-7f778f1f2000 ---p 00000000 00:00 0 
7f778f1f2000-7f778f2f0000 rw-p 00000000 00:00 0                          [stack:23747]
7f778f2f0000-7f778f2f3000 ---p 00000000 00:00 0 
7f778f2f3000-7f778f3f1000 rw-p 00000000 00:00 0                          [stack:23746]
7f778f3f1000-7f778f3f4000 ---p 00000000 00:00 0 
7f778f3f4000-7f778f4f2000 rw-p 00000000 00:00 0                          [stack:23745]
7f778f4f2000-7f778f4f5000 ---p 00000000 00:00 0 
7f778f4f5000-7f778f5f3000 rw-p 00000000 00:00 0                          [stack:23743]
7f778f5f3000-7f778f5f6000 ---p 00000000 00:00 0 
7f778f5f6000-7f778f6f4000 rw-p 00000000 00:00 0                          [stack:23741]
7f778f6f4000-7f778f6f7000 ---p 00000000 00:00 0 
7f778f6f7000-7f778f7f5000 rw-p 00000000 00:00 0                          [stack:23739]
7f778f7f5000-7f778f7f9000 r-xp 00000000 fc:00 2235800                    /usr/lib/jvm/java-7-openjdk-amd64/jre/lib/amd64/libdt_socket.so
7f778f7f9000-7f778f9f8000 ---p 00004000 fc:00 2235800                    /usr/lib/jvm/java-7-openjdk-amd64/jre/lib/amd64/libdt_socket.so
7f778f9f8000-7f778f9f9000 r--p 00003000 fc:00 2235800                    /usr/lib/jvm/java-7-openjdk-amd64/jre/lib/amd64/libdt_socket.so
7f778f9f9000-7f778f9fa000 rw-p 00004000 fc:00 2235800                    /usr/lib/jvm/java-7-openjdk-amd64/jre/lib/amd64/libdt_socket.so
7f778f9fa000-7f778f9fd000 ---p 00000000 00:00 0 
7f778f9fd000-7f778fafb000 rw-p 00000000 00:00 0                          [stack:23737]
7f778fafb000-7f778fafe000 ---p 00000000 00:00 0 
7f778fafe000-7f778fbfc000 rw-p 00000000 00:00 0                          [stack:23736]
7f778fbfc000-7f778fbff000 ---p 00000000 00:00 0 
7f778fbff000-7f778fcfd000 rw-p 00000000 00:00 0                          [stack:23735]
7f778fcfd000-7f778fcfe000 ---p 00000000 00:00 0 
7f778fcfe000-7f7790000000 rw-p 00000000 00:00 0                          [stack:23734]
7f7790000000-7f7790021000 rw-p 00000000 00:00 0 
7f7790021000-7f7794000000 ---p 00000000 00:00 0 
7f7794000000-7f7794021000 rw-p 00000000 00:00 0 
7f7794021000-7f7798000000 ---p 00000000 00:00 0 
7f7798000000-7f7798021000 rw-p 00000000 00:00 0 
7f7798021000-7f779c000000 ---p 00000000 00:00 0 
7f779c044000-7f779ce4f000 rw-p 00000000 00:00 0 
7f779ce4f000-7f779d000000 r--s 01d25000 fc:00 2235851                    /usr/lib/jvm/java-7-openjdk-amd64/jre/lib/rt.jar
7f779d000000-7f779d270000 rwxp 00000000 00:00 0 
7f779d270000-7f77a01b4000 rw-p 00000000 00:00 0 
7f77a01b4000-7f77a4000000 ---p 00000000 00:00 0 
7f77a4004000-7f77a400d000 r--s 000e2000 fc:02 40108252                   /home/beenotung/.temp/eclipse/java-myutils/lib/mysql-connector-java-5.1.34-bin.jar
7f77a400d000-7f77a47d1000 rw-p 00000000 00:00 0 
7f77a47d1000-7f77a47d2000 ---p 00000000 00:00 0 
7f77a47d2000-7f77a48d2000 rw-p 00000000 00:00 0                          [stack:23731]
7f77a48d2000-7f77a48d3000 ---p 00000000 00:00 0 
7f77a48d3000-7f77a49d3000 rw-p 00000000 00:00 0                          [stack:23728]
7f77a49d3000-7f77a49d4000 ---p 00000000 00:00 0 
7f77a49d4000-7f77a4ad4000 rw-p 00000000 00:00 0                          [stack:23727]
7f77a4ad4000-7f77a4ad5000 ---p 00000000 00:00 0 
7f77a4ad5000-7f77a4be0000 rw-p 00000000 00:00 0                          [stack:23724]
7f77a4be0000-7f77a4c28000 rw-p 00000000 00:00 0 
7f77a4c28000-7f77a4c66000 rw-p 00000000 00:00 0 
7f77a4c66000-7f77a5008000 rw-p 00000000 00:00 0 
7f77a5008000-7f77a5013000 rw-p 00000000 00:00 0 
7f77a5013000-7f77a505b000 rw-p 00000000 00:00 0 
7f77a505b000-7f77a5099000 rw-p 00000000 00:00 0 
7f77a5099000-7f77a543b000 rw-p 00000000 00:00 0 
7f77a543b000-7f77a545a000 rw-p 00000000 00:00 0 
7f77a545a000-7f77a562b000 rw-p 00000000 00:00 0 
7f77a562b000-7f77a562c000 rw-p 00000000 00:00 0 
7f77a562c000-7f77a5634000 r-xp 00000000 fc:00 2235784                    /usr/lib/jvm/java-7-openjdk-amd64/jre/lib/amd64/libzip.so
7f77a5634000-7f77a5833000 ---p 00008000 fc:00 2235784                    /usr/lib/jvm/java-7-openjdk-amd64/jre/lib/amd64/libzip.so
7f77a5833000-7f77a5834000 r--p 00007000 fc:00 2235784                    /usr/lib/jvm/java-7-openjdk-amd64/jre/lib/amd64/libzip.so
7f77a5834000-7f77a5835000 rw-p 00008000 fc:00 2235784                    /usr/lib/jvm/java-7-openjdk-amd64/jre/lib/amd64/libzip.so
7f77a5835000-7f77a5840000 r-xp 00000000 fc:00 1835478                    /lib/x86_64-linux-gnu/libnss_files-2.19.so
7f77a5840000-7f77a5a3f000 ---p 0000b000 fc:00 1835478                    /lib/x86_64-linux-gnu/libnss_files-2.19.so
7f77a5a3f000-7f77a5a40000 r--p 0000a000 fc:00 1835478                    /lib/x86_64-linux-gnu/libnss_files-2.19.so
7f77a5a40000-7f77a5a41000 rw-p 0000b000 fc:00 1835478                    /lib/x86_64-linux-gnu/libnss_files-2.19.so
7f77a5a41000-7f77a5a4c000 r-xp 00000000 fc:00 1835480                    /lib/x86_64-linux-gnu/libnss_nis-2.19.so
7f77a5a4c000-7f77a5c4b000 ---p 0000b000 fc:00 1835480                    /lib/x86_64-linux-gnu/libnss_nis-2.19.so
7f77a5c4b000-7f77a5c4c000 r--p 0000a000 fc:00 1835480                    /lib/x86_64-linux-gnu/libnss_nis-2.19.so
7f77a5c4c000-7f77a5c4d000 rw-p 0000b000 fc:00 1835480                    /lib/x86_64-linux-gnu/libnss_nis-2.19.so
7f77a5c4d000-7f77a5c64000 r-xp 00000000 fc:00 1835450                    /lib/x86_64-linux-gnu/libnsl-2.19.so
7f77a5c64000-7f77a5e63000 ---p 00017000 fc:00 1835450                    /lib/x86_64-linux-gnu/libnsl-2.19.so
7f77a5e63000-7f77a5e64000 r--p 00016000 fc:00 1835450                    /lib/x86_64-linux-gnu/libnsl-2.19.so
7f77a5e64000-7f77a5e65000 rw-p 00017000 fc:00 1835450                    /lib/x86_64-linux-gnu/libnsl-2.19.so
7f77a5e65000-7f77a5e67000 rw-p 00000000 00:00 0 
7f77a5e67000-7f77a5e70000 r-xp 00000000 fc:00 1835444                    /lib/x86_64-linux-gnu/libnss_compat-2.19.so
7f77a5e70000-7f77a606f000 ---p 00009000 fc:00 1835444                    /lib/x86_64-linux-gnu/libnss_compat-2.19.so
7f77a606f000-7f77a6070000 r--p 00008000 fc:00 1835444                    /lib/x86_64-linux-gnu/libnss_compat-2.19.so
7f77a6070000-7f77a6071000 rw-p 00009000 fc:00 1835444                    /lib/x86_64-linux-gnu/libnss_compat-2.19.so
7f77a6071000-7f77a6756000 r--p 00000000 fc:00 2228438                    /usr/lib/locale/locale-archive
7f77a6756000-7f77a6759000 r-xp 00000000 fc:00 2235811                    /usr/lib/jvm/java-7-openjdk-amd64/jre/lib/amd64/libnpt.so
7f77a6759000-7f77a6958000 ---p 00003000 fc:00 2235811                    /usr/lib/jvm/java-7-openjdk-amd64/jre/lib/amd64/libnpt.so
7f77a6958000-7f77a6959000 r--p 00002000 fc:00 2235811                    /usr/lib/jvm/java-7-openjdk-amd64/jre/lib/amd64/libnpt.so
7f77a6959000-7f77a695a000 rw-p 00003000 fc:00 2235811                    /usr/lib/jvm/java-7-openjdk-amd64/jre/lib/amd64/libnpt.so
7f77a695a000-7f77a6994000 r-xp 00000000 fc:00 2235806                    /usr/lib/jvm/java-7-openjdk-amd64/jre/lib/amd64/libjdwp.so
7f77a6994000-7f77a6b93000 ---p 0003a000 fc:00 2235806                    /usr/lib/jvm/java-7-openjdk-amd64/jre/lib/amd64/libjdwp.so
7f77a6b93000-7f77a6b94000 r--p 00039000 fc:00 2235806                    /usr/lib/jvm/java-7-openjdk-amd64/jre/lib/amd64/libjdwp.so
7f77a6b94000-7f77a6b95000 rw-p 0003a000 fc:00 2235806                    /usr/lib/jvm/java-7-openjdk-amd64/jre/lib/amd64/libjdwp.so
7f77a6b95000-7f77a6bc0000 r-xp 00000000 fc:00 2235793                    /usr/lib/jvm/java-7-openjdk-amd64/jre/lib/amd64/libjava.so
7f77a6bc0000-7f77a6dbf000 ---p 0002b000 fc:00 2235793                    /usr/lib/jvm/java-7-openjdk-amd64/jre/lib/amd64/libjava.so
7f77a6dbf000-7f77a6dc0000 r--p 0002a000 fc:00 2235793                    /usr/lib/jvm/java-7-openjdk-amd64/jre/lib/amd64/libjava.so
7f77a6dc0000-7f77a6dc2000 rw-p 0002b000 fc:00 2235793                    /usr/lib/jvm/java-7-openjdk-amd64/jre/lib/amd64/libjava.so
7f77a6dc2000-7f77a6dd2000 r-xp 00000000 fc:00 2235808                    /usr/lib/jvm/java-7-openjdk-amd64/jre/lib/amd64/libverify.so
7f77a6dd2000-7f77a6fd1000 ---p 00010000 fc:00 2235808                    /usr/lib/jvm/java-7-openjdk-amd64/jre/lib/amd64/libverify.so
7f77a6fd1000-7f77a6fd3000 r--p 0000f000 fc:00 2235808                    /usr/lib/jvm/java-7-openjdk-amd64/jre/lib/amd64/libverify.so
7f77a6fd3000-7f77a6fd4000 rw-p 00011000 fc:00 2235808                    /usr/lib/jvm/java-7-openjdk-amd64/jre/lib/amd64/libverify.so
7f77a6fd4000-7f77a6fdb000 r-xp 00000000 fc:00 1835454                    /lib/x86_64-linux-gnu/librt-2.19.so
7f77a6fdb000-7f77a71da000 ---p 00007000 fc:00 1835454                    /lib/x86_64-linux-gnu/librt-2.19.so
7f77a71da000-7f77a71db000 r--p 00006000 fc:00 1835454                    /lib/x86_64-linux-gnu/librt-2.19.so
7f77a71db000-7f77a71dc000 rw-p 00007000 fc:00 1835454                    /lib/x86_64-linux-gnu/librt-2.19.so
7f77a71dc000-7f77a71f2000 r-xp 00000000 fc:00 1835080                    /lib/x86_64-linux-gnu/libgcc_s.so.1
7f77a71f2000-7f77a73f1000 ---p 00016000 fc:00 1835080                    /lib/x86_64-linux-gnu/libgcc_s.so.1
7f77a73f1000-7f77a73f2000 rw-p 00015000 fc:00 1835080                    /lib/x86_64-linux-gnu/libgcc_s.so.1
7f77a73f2000-7f77a74f7000 r-xp 00000000 fc:00 1835468                    /lib/x86_64-linux-gnu/libm-2.19.so
7f77a74f7000-7f77a76f6000 ---p 00105000 fc:00 1835468                    /lib/x86_64-linux-gnu/libm-2.19.so
7f77a76f6000-7f77a76f7000 r--p 00104000 fc:00 1835468                    /lib/x86_64-linux-gnu/libm-2.19.so
7f77a76f7000-7f77a76f8000 rw-p 00105000 fc:00 1835468                    /lib/x86_64-linux-gnu/libm-2.19.so
7f77a76f8000-7f77a77de000 r-xp 00000000 fc:00 2230110                    /usr/lib/x86_64-linux-gnu/libstdc++.so.6.0.19
7f77a77de000-7f77a79dd000 ---p 000e6000 fc:00 2230110                    /usr/lib/x86_64-linux-gnu/libstdc++.so.6.0.19
7f77a79dd000-7f77a79e5000 r--p 000e5000 fc:00 2230110                    /usr/lib/x86_64-linux-gnu/libstdc++.so.6.0.19
7f77a79e5000-7f77a79e7000 rw-p 000ed000 fc:00 2230110                    /usr/lib/x86_64-linux-gnu/libstdc++.so.6.0.19
7f77a79e7000-7f77a79fc000 rw-p 00000000 00:00 0 
7f77a79fc000-7f77a8512000 r-xp 00000000 fc:00 2235814                    /usr/lib/jvm/java-7-openjdk-amd64/jre/lib/amd64/server/libjvm.so
7f77a8512000-7f77a8711000 ---p 00b16000 fc:00 2235814                    /usr/lib/jvm/java-7-openjdk-amd64/jre/lib/amd64/server/libjvm.so
7f77a8711000-7f77a87ab000 r--p 00b15000 fc:00 2235814                    /usr/lib/jvm/java-7-openjdk-amd64/jre/lib/amd64/server/libjvm.so
7f77a87ab000-7f77a87ce000 rw-p 00baf000 fc:00 2235814                    /usr/lib/jvm/java-7-openjdk-amd64/jre/lib/amd64/server/libjvm.so
7f77a87ce000-7f77a87fc000 rw-p 00000000 00:00 0 
7f77a87fc000-7f77a8814000 r-xp 00000000 fc:00 1839288                    /lib/x86_64-linux-gnu/libz.so.1.2.8
7f77a8814000-7f77a8a13000 ---p 00018000 fc:00 1839288                    /lib/x86_64-linux-gnu/libz.so.1.2.8
7f77a8a13000-7f77a8a14000 r--p 00017000 fc:00 1839288                    /lib/x86_64-linux-gnu/libz.so.1.2.8
7f77a8a14000-7f77a8a15000 rw-p 00018000 fc:00 1839288                    /lib/x86_64-linux-gnu/libz.so.1.2.8
7f77a8a15000-7f77a8a2e000 r-xp 00000000 fc:00 1835488                    /lib/x86_64-linux-gnu/libpthread-2.19.so
7f77a8a2e000-7f77a8c2d000 ---p 00019000 fc:00 1835488                    /lib/x86_64-linux-gnu/libpthread-2.19.so
7f77a8c2d000-7f77a8c2e000 r--p 00018000 fc:00 1835488                    /lib/x86_64-linux-gnu/libpthread-2.19.so
7f77a8c2e000-7f77a8c2f000 rw-p 00019000 fc:00 1835488                    /lib/x86_64-linux-gnu/libpthread-2.19.so
7f77a8c2f000-7f77a8c33000 rw-p 00000000 00:00 0 
7f77a8c33000-7f77a8c36000 r-xp 00000000 fc:00 1835487                    /lib/x86_64-linux-gnu/libdl-2.19.so
7f77a8c36000-7f77a8e35000 ---p 00003000 fc:00 1835487                    /lib/x86_64-linux-gnu/libdl-2.19.so
7f77a8e35000-7f77a8e36000 r--p 00002000 fc:00 1835487                    /lib/x86_64-linux-gnu/libdl-2.19.so
7f77a8e36000-7f77a8e37000 rw-p 00003000 fc:00 1835487                    /lib/x86_64-linux-gnu/libdl-2.19.so
7f77a8e37000-7f77a8ff2000 r-xp 00000000 fc:00 1835462                    /lib/x86_64-linux-gnu/libc-2.19.so
7f77a8ff2000-7f77a91f2000 ---p 001bb000 fc:00 1835462                    /lib/x86_64-linux-gnu/libc-2.19.so
7f77a91f2000-7f77a91f6000 r--p 001bb000 fc:00 1835462                    /lib/x86_64-linux-gnu/libc-2.19.so
7f77a91f6000-7f77a91f8000 rw-p 001bf000 fc:00 1835462                    /lib/x86_64-linux-gnu/libc-2.19.so
7f77a91f8000-7f77a91fd000 rw-p 00000000 00:00 0 
7f77a91fd000-7f77a920a000 r-xp 00000000 fc:00 2235791                    /usr/lib/jvm/java-7-openjdk-amd64/jre/lib/amd64/jli/libjli.so
7f77a920a000-7f77a9409000 ---p 0000d000 fc:00 2235791                    /usr/lib/jvm/java-7-openjdk-amd64/jre/lib/amd64/jli/libjli.so
7f77a9409000-7f77a940a000 r--p 0000c000 fc:00 2235791                    /usr/lib/jvm/java-7-openjdk-amd64/jre/lib/amd64/jli/libjli.so
7f77a940a000-7f77a940b000 rw-p 0000d000 fc:00 2235791                    /usr/lib/jvm/java-7-openjdk-amd64/jre/lib/amd64/jli/libjli.so
7f77a940b000-7f77a942e000 r-xp 00000000 fc:00 1835464                    /lib/x86_64-linux-gnu/ld-2.19.so
7f77a9432000-7f77a9434000 rw-p 00000000 00:00 0 
7f77a9434000-7f77a943e000 r--s 00203000 fc:00 2235835                    /usr/lib/jvm/java-7-openjdk-amd64/jre/lib/charsets.jar
7f77a943e000-7f77a9448000 rw-p 00000000 00:00 0 
7f77a9448000-7f77a94fe000 rw-p 00000000 00:00 0 
7f77a94fe000-7f77a9501000 ---p 00000000 00:00 0 
7f77a9501000-7f77a9604000 rw-p 00000000 00:00 0                          [stack:23723]
7f77a9604000-7f77a9609000 r--s 00034000 fc:02 40108157                   /home/beenotung/.temp/eclipse/java-myutils/lib/mariadb-java-client-1.1.7.jar
7f77a9609000-7f77a960d000 r--s 0003c000 fc:02 40108156                   /home/beenotung/.temp/eclipse/java-myutils/lib/jsch-0.1.51.jar
7f77a960d000-7f77a9611000 r--s 00085000 fc:00 2235848                    /usr/lib/jvm/java-7-openjdk-amd64/jre/lib/ext/localedata.jar
7f77a9611000-7f77a9613000 r--s 00012000 fc:00 2235846                    /usr/lib/jvm/java-7-openjdk-amd64/jre/lib/ext/zipfs.jar
7f77a9613000-7f77a9617000 r--s 00034000 fc:00 2235849                    /usr/lib/jvm/java-7-openjdk-amd64/jre/lib/ext/sunjce_provider.jar
7f77a9617000-7f77a9619000 r--s 00006000 fc:00 2625264                    /usr/share/java/java-atk-wrapper.jar
7f77a9619000-7f77a961d000 r--s 0003c000 fc:00 2235847                    /usr/lib/jvm/java-7-openjdk-amd64/jre/lib/ext/sunpkcs11.jar
7f77a961d000-7f77a9620000 r--s 0000f000 fc:00 2235845                    /usr/lib/jvm/java-7-openjdk-amd64/jre/lib/ext/icedtea-sound.jar
7f77a9620000-7f77a9621000 r--s 00002000 fc:00 2235850                    /usr/lib/jvm/java-7-openjdk-amd64/jre/lib/ext/dnsns.jar
7f77a9621000-7f77a9629000 rw-s 00000000 fc:00 1967851                    /tmp/hsperfdata_beenotung/23721
7f77a9629000-7f77a962a000 rw-p 00000000 00:00 0 
7f77a962a000-7f77a962b000 r--p 00000000 00:00 0 
7f77a962b000-7f77a962d000 rw-p 00000000 00:00 0 
7f77a962d000-7f77a962e000 r--p 00022000 fc:00 1835464                    /lib/x86_64-linux-gnu/ld-2.19.so
7f77a962e000-7f77a962f000 rw-p 00023000 fc:00 1835464                    /lib/x86_64-linux-gnu/ld-2.19.so
7f77a962f000-7f77a9630000 rw-p 00000000 00:00 0 
7fff2f57f000-7fff2f5a0000 rw-p 00000000 00:00 0                          [stack]
7fff2f5fe000-7fff2f600000 r-xp 00000000 00:00 0                          [vdso]
ffffffffff600000-ffffffffff601000 r-xp 00000000 00:00 0                  [vsyscall]

VM Arguments:
jvm_args: -agentlib:jdwp=transport=dt_socket,suspend=y,address=localhost:54724 -Dfile.encoding=UTF-8 
java_command: launcher.ATMCaseStudy
Launcher Type: SUN_STANDARD

Environment Variables:
PATH=/usr/games:/home/beenotung/bin:/usr/local/sbin:/usr/local/bin:/usr/sbin:/usr/bin:/sbin:/bin:/usr/games:/usr/local/games
SHELL=/bin/bash
DISPLAY=:0

Signal Handlers:
SIGSEGV: [libjvm.so+0x9495e0], sa_mask[0]=0x7ffbfeff, sa_flags=0x10000004
SIGBUS: [libjvm.so+0x9495e0], sa_mask[0]=0x7ffbfeff, sa_flags=0x10000004
SIGFPE: [libjvm.so+0x7c3410], sa_mask[0]=0x7ffbfeff, sa_flags=0x10000004
SIGPIPE: [libjvm.so+0x7c3410], sa_mask[0]=0x7ffbfeff, sa_flags=0x10000004
SIGXFSZ: [libjvm.so+0x7c3410], sa_mask[0]=0x7ffbfeff, sa_flags=0x10000004
SIGILL: [libjvm.so+0x7c3410], sa_mask[0]=0x7ffbfeff, sa_flags=0x10000004
SIGUSR1: SIG_DFL, sa_mask[0]=0x00000000, sa_flags=0x00000000
SIGUSR2: [libjvm.so+0x7c32b0], sa_mask[0]=0x00000004, sa_flags=0x10000004
SIGHUP: [libjvm.so+0x7c3490], sa_mask[0]=0x7ffbfeff, sa_flags=0x10000004
SIGINT: [libjvm.so+0x7c3490], sa_mask[0]=0x7ffbfeff, sa_flags=0x10000004
SIGTERM: [libjvm.so+0x7c3490], sa_mask[0]=0x7ffbfeff, sa_flags=0x10000004
SIGQUIT: [libjvm.so+0x7c3490], sa_mask[0]=0x7ffbfeff, sa_flags=0x10000004
SIGTRAP: SIG_DFL, sa_mask[0]=0x00000000, sa_flags=0x00000000


---------------  S Y S T E M  ---------------

OS:Ubuntu 14.04 (trusty)
uname:Linux 3.13.0-39-generic #66-Ubuntu SMP Tue Oct 28 13:30:27 UTC 2014 x86_64
libc:glibc 2.19 NPTL 2.19 
rlimit: STACK 8192k, CORE 0k, NPROC 93443, NOFILE 4096, AS infinity
load average:0.47 0.47 0.53

/proc/meminfo:
MemTotal:       12186504 kB
MemFree:         5351212 kB
Buffers:          273900 kB
Cached:          2156716 kB
SwapCached:            0 kB
Active:          4596456 kB
Inactive:        1819516 kB
Active(anon):    3991636 kB
Inactive(anon):   456484 kB
Active(file):     604820 kB
Inactive(file):  1363032 kB
Unevictable:        5944 kB
Mlocked:            5944 kB
SwapTotal:      33554428 kB
SwapFree:       33554428 kB
Dirty:               300 kB
Writeback:             0 kB
AnonPages:       3991932 kB
Mapped:           399652 kB
Shmem:            461960 kB
Slab:             191052 kB
SReclaimable:     138972 kB
SUnreclaim:        52080 kB
KernelStack:        8648 kB
PageTables:        73432 kB
NFS_Unstable:          0 kB
Bounce:                0 kB
WritebackTmp:          0 kB
CommitLimit:    39647680 kB
Committed_AS:   12267480 kB
VmallocTotal:   34359738367 kB
VmallocUsed:      427932 kB
VmallocChunk:   34359247996 kB
HardwareCorrupted:     0 kB
AnonHugePages:   1400832 kB
HugePages_Total:       0
HugePages_Free:        0
HugePages_Rsvd:        0
HugePages_Surp:        0
Hugepagesize:       2048 kB
DirectMap4k:      138980 kB
DirectMap2M:     7081984 kB
DirectMap1G:     5242880 kB


CPU:total 4 (2 cores per cpu, 2 threads per core) family 6 model 69 stepping 1, cmov, cx8, fxsr, mmx, sse, sse2, sse3, ssse3, sse4.1, sse4.2, popcnt, avx, avx2, aes, erms, ht, tsc, tscinvbit

/proc/cpuinfo:
processor	: 0
vendor_id	: GenuineIntel
cpu family	: 6
model		: 69
model name	: Intel(R) Core(TM) i7-4500U CPU @ 1.80GHz
stepping	: 1
microcode	: 0x15
cpu MHz		: 768.000
cache size	: 4096 KB
physical id	: 0
siblings	: 4
core id		: 0
cpu cores	: 2
apicid		: 0
initial apicid	: 0
fpu		: yes
fpu_exception	: yes
cpuid level	: 13
wp		: yes
flags		: fpu vme de pse tsc msr pae mce cx8 apic sep mtrr pge mca cmov pat pse36 clflush dts acpi mmx fxsr sse sse2 ss ht tm pbe syscall nx pdpe1gb rdtscp lm constant_tsc arch_perfmon pebs bts rep_good nopl xtopology nonstop_tsc aperfmperf eagerfpu pni pclmulqdq dtes64 monitor ds_cpl vmx est tm2 ssse3 fma cx16 xtpr pdcm pcid sse4_1 sse4_2 movbe popcnt tsc_deadline_timer aes xsave avx f16c rdrand lahf_lm abm ida arat epb xsaveopt pln pts dtherm tpr_shadow vnmi flexpriority ept vpid fsgsbase tsc_adjust bmi1 avx2 smep bmi2 erms invpcid
bogomips	: 4789.12
clflush size	: 64
cache_alignment	: 64
address sizes	: 39 bits physical, 48 bits virtual
power management:

processor	: 1
vendor_id	: GenuineIntel
cpu family	: 6
model		: 69
model name	: Intel(R) Core(TM) i7-4500U CPU @ 1.80GHz
stepping	: 1
microcode	: 0x15
cpu MHz		: 1800.000
cache size	: 4096 KB
physical id	: 0
siblings	: 4
core id		: 1
cpu cores	: 2
apicid		: 2
initial apicid	: 2
fpu		: yes
fpu_exception	: yes
cpuid level	: 13
wp		: yes
flags		: fpu vme de pse tsc msr pae mce cx8 apic sep mtrr pge mca cmov pat pse36 clflush dts acpi mmx fxsr sse sse2 ss ht tm pbe syscall nx pdpe1gb rdtscp lm constant_tsc arch_perfmon pebs bts rep_good nopl xtopology nonstop_tsc aperfmperf eagerfpu pni pclmulqdq dtes64 monitor ds_cpl vmx est tm2 ssse3 fma cx16 xtpr pdcm pcid sse4_1 sse4_2 movbe popcnt tsc_deadline_timer aes xsave avx f16c rdrand lahf_lm abm ida arat epb xsaveopt pln pts dtherm tpr_shadow vnmi flexpriority ept vpid fsgsbase tsc_adjust bmi1 avx2 smep bmi2 erms invpcid
bogomips	: 4789.12
clflush size	: 64
cache_alignment	: 64
address sizes	: 39 bits physical, 48 bits virtual
power management:

processor	: 2
vendor_id	: GenuineIntel
cpu family	: 6
model		: 69
model name	: Intel(R) Core(TM) i7-4500U CPU @ 1.80GHz
stepping	: 1
microcode	: 0x15
cpu MHz		: 768.000
cache size	: 4096 KB
physical id	: 0
siblings	: 4
core id		: 0
cpu cores	: 2
apicid		: 1
initial apicid	: 1
fpu		: yes
fpu_exception	: yes
cpuid level	: 13
wp		: yes
flags		: fpu vme de pse tsc msr pae mce cx8 apic sep mtrr pge mca cmov pat pse36 clflush dts acpi mmx fxsr sse sse2 ss ht tm pbe syscall nx pdpe1gb rdtscp lm constant_tsc arch_perfmon pebs bts rep_good nopl xtopology nonstop_tsc aperfmperf eagerfpu pni pclmulqdq dtes64 monitor ds_cpl vmx est tm2 ssse3 fma cx16 xtpr pdcm pcid sse4_1 sse4_2 movbe popcnt tsc_deadline_timer aes xsave avx f16c rdrand lahf_lm abm ida arat epb xsaveopt pln pts dtherm tpr_shadow vnmi flexpriority ept vpid fsgsbase tsc_adjust bmi1 avx2 smep bmi2 erms invpcid
bogomips	: 4789.12
clflush size	: 64
cache_alignment	: 64
address sizes	: 39 bits physical, 48 bits virtual
power management:

processor	: 3
vendor_id	: GenuineIntel
cpu family	: 6
model		: 69
model name	: Intel(R) Core(TM) i7-4500U CPU @ 1.80GHz
stepping	: 1
microcode	: 0x15
cpu MHz		: 1800.000
cache size	: 4096 KB
physical id	: 0
siblings	: 4
core id		: 1
cpu cores	: 2
apicid		: 3
initial apicid	: 3
fpu		: yes
fpu_exception	: yes
cpuid level	: 13
wp		: yes
flags		: fpu vme de pse tsc msr pae mce cx8 apic sep mtrr pge mca cmov pat pse36 clflush dts acpi mmx fxsr sse sse2 ss ht tm pbe syscall nx pdpe1gb rdtscp lm constant_tsc arch_perfmon pebs bts rep_good nopl xtopology nonstop_tsc aperfmperf eagerfpu pni pclmulqdq dtes64 monitor ds_cpl vmx est tm2 ssse3 fma cx16 xtpr pdcm pcid sse4_1 sse4_2 movbe popcnt tsc_deadline_timer aes xsave avx f16c rdrand lahf_lm abm ida arat epb xsaveopt pln pts dtherm tpr_shadow vnmi flexpriority ept vpid fsgsbase tsc_adjust bmi1 avx2 smep bmi2 erms invpcid
bogomips	: 4789.12
clflush size	: 64
cache_alignment	: 64
address sizes	: 39 bits physical, 48 bits virtual
power management:



Memory: 4k page, physical 12186504k(5351212k free), swap 33554428k(33554428k free)

vm_info: OpenJDK 64-Bit Server VM (24.65-b04) for linux-amd64 JRE (1.7.0_65-b32), built on Oct 22 2014 04:37:44 by "buildd" with gcc 4.8.2

time: Tue Nov 25 21:37:51 2014
elapsed time: 10 seconds

